2018-04-09 16:42:57 INFO  TC_001_VerifyLogin:19 - Initializing Setup
2018-04-09 16:58:19 INFO  TC_001_VerifyLogin:19 - Initializing Setup
2018-04-09 17:21:43 INFO  TC_001_VerifyLogin:19 - Initializing Setup
2018-04-09 17:25:21 INFO  TC_001_VerifyLogin:18 - Initializing Setup
2018-04-10 10:00:33 INFO  TC_001_VerifyLogin:18 - Initializing Setup
2018-04-10 10:01:19 INFO  TC_001_VerifyLogin:18 - Initializing Setup
2018-04-10 10:04:46 INFO  TC_001_VerifyLogin:19 - Initializing Setup
2018-04-10 10:09:07 INFO  TC_001_VerifyLogin:22 - Initializing Setup
2018-04-10 10:15:32 INFO  TC_001_VerifyLogin:22 - Initializing Setup
2018-04-10 10:19:28 INFO  TC_001_VerifyLogin:20 - Initializing Setup
2018-04-10 10:38:59 INFO  TC_001_VerifyLoginLogOut:20 - Initializing Setup
2018-04-10 12:02:26 INFO  TC_001_VerifyLoginLogOut:21 - Initializing Setup
2018-04-10 12:03:35 INFO  TC_001_VerifyLoginLogOut:21 - Initializing Setup
2018-04-10 12:06:21 INFO  TC_001_VerifyLoginLogOut:20 - Initializing Setup
2018-04-10 12:35:53 INFO  TC_001_VerifyLoginLogOut:21 - Initializing Setup
2018-04-10 12:36:42 INFO  TC_001_VerifyLoginLogOut:21 - Initializing Setup
2018-04-10 13:56:06 INFO  TC_001_VerifyLoginLogOut:21 - Initializing Setup
2018-04-10 13:56:29 INFO  TC_001_VerifyLoginLogOut:21 - Initializing Setup
2018-04-10 13:56:58 INFO  TC_001_VerifyLoginLogOut:21 - Initializing Setup
2018-04-10 15:29:27 INFO  TC_001_VerifyLoginLogOut:21 - Initializing Setup
2018-04-10 15:45:20 INFO  TC_001_VerifyLoginLogOut:21 - Initializing Setup
2018-04-10 15:48:43 INFO  TC_001_VerifyLoginLogOut:21 - Initializing Setup
2018-04-10 15:49:35 INFO  TC_001_VerifyLoginLogOut:21 - Initializing Setup
2018-04-10 16:38:41 INFO  TC_001_VerifyLoginLogOut:21 - Initializing Setup
2018-04-10 16:39:41 INFO  TC_001_VerifyLoginLogOut:21 - Initializing Setup
2018-04-10 17:04:12 INFO  TC_003_VerifySortingInAscendingOrder:22 - Initializing Setup
2018-04-10 17:04:13 INFO  TC_003_VerifySortingInAscendingOrder:26 - Login Successfull
2018-04-10 17:10:29 INFO  TC_003_VerifySortingInAscendingOrder:22 - Initializing Setup
2018-04-10 17:10:30 INFO  TC_003_VerifySortingInAscendingOrder:26 - Login Successfull
2018-04-11 10:10:59 INFO  TC_003_VerifySortingInAscendingOrder:22 - Initializing Setup
2018-04-11 10:11:01 INFO  TC_003_VerifySortingInAscendingOrder:26 - Login Successfull
2018-04-11 10:16:07 INFO  TC_003_VerifySortingFunctionality:22 - Initializing Setup
2018-04-11 10:16:08 INFO  TC_003_VerifySortingFunctionality:26 - Login Successfull
2018-04-11 11:52:57 INFO  TC_003_VerifySortingFunctionalityInGridView:22 - Initializing Setup
2018-04-11 11:52:58 INFO  TC_003_VerifySortingFunctionalityInGridView:26 - Login Successfull
2018-04-11 11:53:41 INFO  TC_003_VerifySortingFunctionalityInGridView:22 - Initializing Setup
2018-04-11 11:53:42 INFO  TC_003_VerifySortingFunctionalityInGridView:26 - Login Successfull
2018-04-11 11:58:27 INFO  TC_003_VerifySortingFunctionalityInGridView:22 - Initializing Setup
2018-04-11 11:58:29 INFO  TC_003_VerifySortingFunctionalityInGridView:26 - Login Successfull
2018-04-11 11:59:21 INFO  TC_001_VerifyLoginLogOut:21 - Initializing Setup
2018-04-11 12:00:08 INFO  TC_001_VerifyLoginLogOut:21 - Initializing Setup
2018-04-11 12:02:09 INFO  TC_001_VerifyLoginLogOut:21 - Initializing Setup
2018-04-11 12:23:48 INFO  TC_001_VerifyLoginLogOut:21 - Initializing Setup
2018-04-11 12:24:54 INFO  TC_001_VerifyLoginLogOut:21 - Initializing Setup
2018-04-11 12:41:55 INFO  TC_001_VerifyLoginLogOut:21 - Initializing Setup
2018-04-11 12:44:42 INFO  TC_001_VerifyLoginLogOut:21 - Initializing Setup
2018-04-11 12:48:13 INFO  TC_001_VerifyLoginLogOut:21 - Initializing Setup
2018-04-11 12:50:52 INFO  TC_003_VerifySortingFunctionalityInGridView:22 - Initializing Setup
2018-04-11 12:50:53 INFO  TC_003_VerifySortingFunctionalityInGridView:26 - Login Successfull
2018-04-11 12:52:35 INFO  TC_003_VerifySortingFunctionalityInGridView:22 - Initializing Setup
2018-04-11 12:52:36 INFO  TC_003_VerifySortingFunctionalityInGridView:26 - Login Successfull
2018-04-11 12:53:38 INFO  TC_003_VerifySortingFunctionalityInGridView:22 - Initializing Setup
2018-04-11 12:53:40 INFO  TC_003_VerifySortingFunctionalityInGridView:26 - Login Successfull
2018-04-11 12:56:16 INFO  TC_003_VerifySortingFunctionalityInGridView:22 - Initializing Setup
2018-04-11 12:56:18 INFO  TC_003_VerifySortingFunctionalityInGridView:26 - Login Successfull
2018-04-11 13:47:16 INFO  TC_003_VerifySortingFunctionalityInGridView:23 - Initializing Setup
2018-04-11 13:47:17 INFO  TC_003_VerifySortingFunctionalityInGridView:27 - Login Successfull
2018-04-11 13:48:50 INFO  TC_003_VerifySortingFunctionalityInGridView:23 - Initializing Setup
2018-04-11 13:48:52 INFO  TC_003_VerifySortingFunctionalityInGridView:27 - Login Successfull
2018-04-11 13:49:48 INFO  TC_003_VerifySortingFunctionalityInGridView:22 - Initializing Setup
2018-04-11 13:49:49 INFO  TC_003_VerifySortingFunctionalityInGridView:26 - Login Successfull
2018-04-11 13:52:48 INFO  TC_003_VerifySortingFunctionalityInGridView:23 - Initializing Setup
2018-04-11 13:52:50 INFO  TC_003_VerifySortingFunctionalityInGridView:27 - Login Successfull
2018-04-11 14:46:35 INFO  TC_004_VerifySortingFunctionalityInListView:21 - Initializing Setup
2018-04-11 14:46:37 INFO  TC_004_VerifySortingFunctionalityInListView:25 - Login Successfull
2018-04-11 14:52:46 INFO  TC_004_VerifySortingFunctionalityInListView:21 - Initializing Setup
2018-04-11 14:52:47 INFO  TC_004_VerifySortingFunctionalityInListView:25 - Login Successfull
2018-04-11 14:53:38 INFO  TC_004_VerifySortingFunctionalityInListView:21 - Initializing Setup
2018-04-11 14:53:39 INFO  TC_004_VerifySortingFunctionalityInListView:25 - Login Successfull
2018-04-11 14:55:42 INFO  TC_004_VerifySortingFunctionalityInListView:21 - Initializing Setup
2018-04-11 14:55:43 INFO  TC_004_VerifySortingFunctionalityInListView:25 - Login Successfull
2018-04-11 14:56:25 INFO  TC_004_VerifySortingFunctionalityInListView:21 - Initializing Setup
2018-04-11 14:56:26 INFO  TC_004_VerifySortingFunctionalityInListView:25 - Login Successfull
2018-04-11 15:00:05 INFO  TC_004_VerifySortingFunctionalityInListView:21 - Initializing Setup
2018-04-11 15:00:07 INFO  TC_004_VerifySortingFunctionalityInListView:25 - Login Successfull
2018-04-11 15:03:44 INFO  TC_004_VerifySortingFunctionalityInListView:21 - Initializing Setup
2018-04-11 15:03:46 INFO  TC_004_VerifySortingFunctionalityInListView:25 - Login Successfull
2018-04-11 15:05:06 INFO  TC_004_VerifySortingFunctionalityInListView:21 - Initializing Setup
2018-04-11 15:05:07 INFO  TC_004_VerifySortingFunctionalityInListView:25 - Login Successfull
2018-04-11 15:06:20 INFO  TC_004_VerifySortingFunctionalityInListView:21 - Initializing Setup
2018-04-11 15:06:21 INFO  TC_004_VerifySortingFunctionalityInListView:25 - Login Successfull
2018-04-11 15:37:19 INFO  TC_004_VerifySortingFunctionalityInListView:21 - Initializing Setup
2018-04-11 15:37:21 INFO  TC_004_VerifySortingFunctionalityInListView:25 - Login Successfull
2018-04-11 15:38:04 INFO  TC_004_VerifySortingFunctionalityInListView:21 - Initializing Setup
2018-04-11 15:38:05 INFO  TC_004_VerifySortingFunctionalityInListView:25 - Login Successfull
2018-04-11 15:40:39 INFO  TC_004_VerifySortingFunctionalityInListView:21 - Initializing Setup
2018-04-11 15:40:40 INFO  TC_004_VerifySortingFunctionalityInListView:25 - Login Successfull
2018-04-11 15:42:32 INFO  TC_001_VerifyLoginLogOut:21 - Initializing Setup
2018-04-11 15:46:21 INFO  TC_004_VerifySortingFunctionalityInListView:21 - Initializing Setup
2018-04-11 15:46:23 INFO  TC_004_VerifySortingFunctionalityInListView:25 - Login Successfull
2018-04-11 17:05:27 INFO  TC_001_VerifyLoginLogOut:21 - Initializing Setup
2018-04-11 17:13:05 INFO  TC_001_VerifyLoginLogOut:21 - Initializing Setup
2018-04-11 17:14:04 INFO  TC_001_VerifyLoginLogOut:21 - Initializing Setup
2018-04-11 17:14:33 INFO  TC_001_VerifyLoginLogOut:21 - Initializing Setup
2018-04-11 17:24:02 INFO  TC_001_VerifyLoginLogOut:21 - Initializing Setup
2018-04-11 17:26:05 INFO  TC_001_VerifyLoginLogOut:21 - Initializing Setup
2018-04-11 17:28:15 INFO  TC_006_VerifySearchForEmployeeName:21 - Initializing Setup
2018-04-11 17:28:16 INFO  TC_006_VerifySearchForEmployeeName:25 - Login Successfull
2018-04-11 17:29:44 INFO  TC_006_VerifySearchForEmployeeName:21 - Initializing Setup
2018-04-11 17:29:45 INFO  TC_006_VerifySearchForEmployeeName:25 - Login Successfull
2018-04-11 17:30:24 INFO  TC_006_VerifySearchForEmployeeName:21 - Initializing Setup
2018-04-11 17:30:26 INFO  TC_006_VerifySearchForEmployeeName:25 - Login Successfull
2018-04-11 17:45:56 INFO  TC_006_VerifySearchForEmployeeName:21 - Initializing Setup
2018-04-11 17:45:58 INFO  TC_006_VerifySearchForEmployeeName:25 - Login Successfull
